<?xml version="1.0" encoding="UTF-8"?>
<!-- Generated by org.testng.reporters.JUnitReportReporter -->
<testsuite skipped="0" hostname="LAPTOP-1Q7B9OL8" name="demo.Testhelloworld" tests="1" failures="0" timestamp="2020-09-10T13:12:44 IST" time="0.003" errors="0">
  <testcase name="teshelloworld" time="0.003" classname="demo.Testhelloworld"/>
  <system-out/>
</testsuite> <!-- demo.Testhelloworld -->
